<?xml version="1.0" encoding="UTF-8"?>
<!-- Generated by org.testng.reporters.JUnitXMLReporter -->
<testsuite ignored="0" hostname="LTIN294257" failures="0" tests="5" name="Default test" time="101.063" errors="0" timestamp="2023-11-14T12:55:12 IST">
  <testcase classname="test.SubmitFormTest" name="clickConsultation" time="9.653"/>
  <testcase classname="test.SubmitFormTest" name="fillForm" time="46.152"/>
  <testcase classname="test.SubmitFormTest" name="navigateToHomepage" time="6.485"/>
  <testcase classname="test.SubmitFormTest" name="navigateToSignin" time="15.087"/>
  <testcase classname="test.SubmitFormTest" name="signIn" time="13.268"/>
</testsuite> <!-- Default test -->
