<?xml version="1.0" encoding="UTF-8"?>
<!-- Generated by org.testng.reporters.JUnitXMLReporter -->
<testsuite ignored="0" hostname="LTIN388467" failures="1" tests="45" name="Test" time="214.387" errors="0" timestamp="2024-01-03T10:53:38 IST">
  <testcase classname="allTest.HotelsTest" name="navigateToHotelsPage" time="2.113"/>
  <testcase classname="allTest.HotelsTest" name="validationOfRadioButtons" time="0.835"/>
  <testcase classname="allTest.HotelsTest" name="validationOfWhereSearchfield" time="0.719"/>
  <testcase classname="allTest.HotelsTest" name="validationOfDateFields" time="0.441"/>
  <testcase classname="allTest.HotelsTest" name="validationOfAdultsField" time="0.32"/>
  <testcase classname="allTest.HotelsTest" name="validationOfRoomsField" time="0.283"/>
  <testcase classname="allTest.HotelsTest" name="validationOfChildrenField" time="0.648"/>
  <testcase classname="allTest.HotelsTest" name="verify0RoomAdd" time="0.303"/>
  <testcase classname="allTest.HotelsTest" name="verify0AdultAdd" time="0.301"/>
  <testcase classname="allTest.HotelsTest" name="validationOfSearchField" time="14.652"/>
  <testcase classname="allTest.HotelsTest" name="verifySearchCriteria" time="0.087"/>
  <testcase classname="allTest.HotelsTest" name="verifySortingOptions" time="1.081"/>
  <testcase classname="allTest.HotelsTest" name="verifySortingOptions" time="0.813"/>
  <testcase classname="allTest.HotelsTest" name="verifySortingOptions" time="1.462"/>
  <testcase classname="allTest.HotelsTest" name="verifyPriceFilter" time="2.292"/>
  <testcase classname="allTest.HotelsTest" name="verifyCustomerRatingFilter" time="0.84"/>
  <testcase classname="allTest.HotelsTest" name="verifyHotelSelection" time="2.184"/>
  <testcase classname="allTest.HotelsTest" name="verifyRoomOptionsSelection" time="1.315"/>
  <testcase classname="allTest.HotelsTest" name="validateSearchCriteria" time="0.201"/>
  <testcase classname="allTest.HotelsTest" name="verifyOfferCodeSelection" time="0.457"/>
  <testcase classname="allTest.HotelsTest" name="verifyPriceSummary" time="0.102"/>
  <testcase classname="allTest.HotelsTest" name="verifyRequiredFields" time="0.742"/>
  <testcase classname="allTest.HotelsTest" name="verifyPaymentButton" time="2.257"/>
  <testcase classname="allTest.HotelsTest" name="verifyDetailsOnPaymentGateway" time="0.137"/>
  <testcase classname="allTest.HotelsTest" name="verifyCardPaymentOption" time="0.159"/>
  <testcase classname="allTest.HotelsTest" name="verifyCardDetailsFields" time="1.323"/>
  <testcase classname="allTest.HotelsTest" name="verifyPayWithoutSavingCardButton" time="0.484"/>
  <testcase classname="allTest.FlightTest" name="navigateToFLightsPage" time="2.189"/>
  <testcase classname="allTest.FlightTest" name="verifyFromTextBox" time="0.155"/>
  <testcase classname="allTest.FlightTest" name="verifyOriginCity" time="0.429"/>
  <testcase classname="allTest.FlightTest" name="verifyToTextBox" time="0.01"/>
  <testcase classname="allTest.FlightTest" name="verifyDestinationCity" time="0.373"/>
  <testcase classname="allTest.FlightTest" name="verifyDateBtn" time="0.009"/>
  <testcase classname="allTest.FlightTest" name="validationOfLowestFares" time="68.071"/>
  <testcase classname="allTest.FlightTest" name="lowestDateSelection" time="0.432"/>
  <testcase classname="allTest.FlightTest" name="enterTravellerDetails" time="0.108"/>
  <testcase classname="allTest.FlightTest" name="verifySearchButton" time="17.945"/>
  <testcase classname="allTest.FlightTest" name="verifyPriceFilter" time="57.183"/>
  <testcase classname="allTest.FlightTest" name="verifyBookBtn" time="2.259"/>
  <testcase classname="allTest.FlightTest" name="verifyFlightDetails" time="0.035"/>
  <testcase classname="allTest.FlightTest" name="enterPassengerDetails" time="4.449">
    <failure type="java.lang.NumberFormatException" message="For input string: &amp;quot;&amp;quot;">
      <![CDATA[java.lang.NumberFormatException: For input string: ""
at java.base/java.lang.NumberFormatException.forInputString(NumberFormatException.java:67)
at java.base/java.lang.Integer.parseInt(Integer.java:675)
at java.base/java.lang.Integer.valueOf(Integer.java:992)
at pages.flights.FlightsBookingPage.verifyGrandTotal(FlightsBookingPage.java:124)
at allTest.FlightTest.enterPassengerDetails(FlightTest.java:140)
at java.base/java.util.ArrayList.forEach(ArrayList.java:1511)
... Removed 25 stack frames]]>
    </failure>
  </testcase> <!-- enterPassengerDetails -->
  <testcase classname="allTest.FlightTest" name="verifyPassengerDetails" time="0.0">
    <skipped/>
  </testcase> <!-- verifyPassengerDetails -->
  <testcase classname="allTest.FlightTest" name="verifyCardPaymentOption" time="0.0">
    <skipped/>
  </testcase> <!-- verifyCardPaymentOption -->
  <testcase classname="allTest.FlightTest" name="verifyCardDetailsFields" time="0.0">
    <skipped/>
  </testcase> <!-- verifyCardDetailsFields -->
  <testcase classname="allTest.FlightTest" name="verifyPayWithoutSavingCardButton" time="0.0">
    <skipped/>
  </testcase> <!-- verifyPayWithoutSavingCardButton -->
</testsuite> <!-- Test -->
