<?xml version="1.0" encoding="UTF-8"?>
<!-- Generated by org.testng.reporters.JUnitXMLReporter -->
<testsuite ignored="0" hostname="LTIN294257" failures="0" tests="6" name="Test2" time="35.166" errors="0" timestamp="2023-11-20T16:19:13 IST">
  <testcase classname="test.SubmitFormTest" name="clickConsultation" time="0.0">
    <skipped/>
  </testcase> <!-- clickConsultation -->
  <testcase classname="test.SubmitFormTest" name="fillForm" time="0.0">
    <skipped/>
  </testcase> <!-- fillForm -->
  <testcase classname="test.SubmitFormTest" name="navigateToHomepage" time="0.001">
    <skipped/>
  </testcase> <!-- navigateToHomepage -->
  <testcase classname="test.SubmitFormTest" name="validateSearchResults" time="0.0">
    <skipped/>
  </testcase> <!-- validateSearchResults -->
  <testcase classname="test.SubmitFormTest" name="navigateToSignin" time="0.0">
    <skipped/>
  </testcase> <!-- navigateToSignin -->
  <testcase classname="test.SubmitFormTest" name="signIn" time="0.001">
    <skipped/>
  </testcase> <!-- signIn -->
</testsuite> <!-- Test2 -->
