<?xml version="1.0" encoding="UTF-8"?>
<!-- Generated by org.testng.reporters.JUnitXMLReporter -->
<testsuite ignored="0" hostname="LTIN294257" failures="0" tests="18" name="Default test" time="129.461" errors="0" timestamp="2024-01-06T18:04:28 IST">
  <testcase classname="allTest.FlightTest" name="navigateToFLightsPage" time="1.458"/>
  <testcase classname="allTest.FlightTest" name="verifyFromTextBox" time="0.125"/>
  <testcase classname="allTest.FlightTest" name="verifyOriginCity" time="0.419"/>
  <testcase classname="allTest.FlightTest" name="verifyToTextBox" time="0.013"/>
  <testcase classname="allTest.FlightTest" name="verifyDestinationCity" time="0.313"/>
  <testcase classname="allTest.FlightTest" name="verifyDateBtn" time="0.012"/>
  <testcase classname="allTest.FlightTest" name="validationOfLowestFares" time="41.88"/>
  <testcase classname="allTest.FlightTest" name="lowestDateSelection" time="0.661"/>
  <testcase classname="allTest.FlightTest" name="enterTravellerDetails" time="0.123"/>
  <testcase classname="allTest.FlightTest" name="verifySearchButton" time="17.099"/>
  <testcase classname="allTest.FlightTest" name="verifyPriceFilter" time="24.665"/>
  <testcase classname="allTest.FlightTest" name="verifyBookBtn" time="2.68"/>
  <testcase classname="allTest.FlightTest" name="verifyFlightDetails" time="0.053"/>
  <testcase classname="allTest.FlightTest" name="enterPassengerDetails" time="24.702"/>
  <testcase classname="allTest.FlightTest" name="verifyPassengerDetails" time="0.281"/>
  <testcase classname="allTest.FlightTest" name="verifyCardPaymentOption" time="0.194"/>
  <testcase classname="allTest.FlightTest" name="verifyCardDetailsFields" time="1.639"/>
  <testcase classname="allTest.FlightTest" name="verifyPayWithoutSavingCardButton" time="0.118"/>
</testsuite> <!-- Default test -->
